2020-02-18T10:20:00+00:00 TRACE Connexion L'utilisateur à envoyer des champs vides
2020-02-18T10:20:00+00:00 INFO  Connexion L'utilisateur s'est connecté avec le mauvais Login ou MDP
2020-02-18T10:20:00+00:00 INFO  Connexion L'utilisateur s'est connecté avec le mauvais Login ou MDP
2020-02-18T10:24:26+00:00 TRACE Connexion L'utilisateur à envoyer des champs vides
2020-02-18T10:24:26+00:00 INFO  Connexion L'utilisateur s'est connecté avec le mauvais Login ou MDP
2020-02-18T10:24:26+00:00 INFO  Connexion L'utilisateur s'est connecté avec le mauvais Login ou MDP
2020-02-18T10:26:14+00:00 TRACE Connexion L'utilisateur à envoyer des champs vides
2020-02-18T10:26:14+00:00 INFO  Connexion L'utilisateur s'est connecté avec le mauvais Login ou MDP
2020-02-18T10:26:14+00:00 INFO  Connexion L'utilisateur s'est connecté avec le mauvais Login ou MDP
2020-02-18T10:30:15+00:00 TRACE Connexion L'utilisateur à envoyer des champs vides
2020-02-18T10:30:15+00:00 INFO  Connexion L'utilisateur s'est connecté avec le mauvais Login ou MDP
2020-02-18T10:32:32+00:00 INFO  Connexion L'utilisateur s'est connecté avec le mauvais Login ou MDP
2020-02-18T10:32:32+00:00 INFO  Connexion L'utilisateur s'est connecté avec le mauvais Login ou MDP
2020-02-18T10:33:30+00:00 INFO  myLogger L'utilisateur s'est connecté avec le mauvais Login ou MDP
2020-02-18T10:33:30+00:00 INFO  myLogger L'utilisateur s'est connecté avec le mauvais Login ou MDP
2020-02-18T10:35:33+00:00 INFO  connexion L'utilisateur s'est connecté avec le mauvais Login ou MDP
2020-02-18T10:35:33+00:00 INFO  connexion L'utilisateur s'est connecté avec le mauvais Login ou MDP
2020-02-18T10:36:13+00:00 INFO  connexion L'utilisateur s'est connecté avec le mauvais Login ou MDP
2020-02-18T10:36:13+00:00 INFO  connexion L'utilisateur s'est connecté avec le mauvais Login ou MDP
<!DOCTYPE HTML PUBLIC "-//W3C//DTD HTML 4.01 Transitional//EN" "http://www.w3.org/TR/html4/loose.dtd">
<html>
<head>
<title>Log4php Log Messages</title>
<style type="text/css">
<!--
body, table {font-family: arial,sans-serif; font-size: x-small;}
th {background: #336699; color: #FFFFFF; text-align: left;}
-->
</style>
</head>
<body bgcolor="#FFFFFF" topmargin="6" leftmargin="6">
<hr size="1" noshade>
Log session start time Tue Feb 18 10:38:00 2020<br>
<br>
<table cellspacing="0" cellpadding="4" border="1" bordercolor="#224466" width="100%">
<tr>
<th>Time</th>
<th>Thread</th>
<th>Level</th>
<th>Category</th>
<th>Message</th>
</tr>

<tr>
<td>0</td>
<td title="3600 thread">3600</td>
<td title="Level">TRACE</td>
<td title="connexion category">connexion</td>
<td title="Message">Un utilisateur s&#039;est connect&eacute;</td>
</tr>

<tr>
<td>13</td>
<td title="3600 thread">3600</td>
<td title="Level">INFO</td>
<td title="connexion category">connexion</td>
<td title="Message">L&#039;utilisateur s&#039;est connect&eacute; avec le mauvais Login ou MDP</td>
</tr>

<tr>
<td>26</td>
<td title="3600 thread">3600</td>
<td title="Level">INFO</td>
<td title="connexion category">connexion</td>
<td title="Message">L&#039;utilisateur s&#039;est connect&eacute; avec le mauvais Login ou MDP</td>
</tr>
</table>
<br>
</body></html>